<?xml version="1.0" encoding="UTF-8"?>
<!-- Generated by org.testng.reporters.JUnitXMLReporter -->
<testsuite hostname="RAJESH-PC" ignored="0" name="Default test" tests="4" failures="0" timestamp="23 Jun 2019 05:28:19 GMT" time="16.664" errors="0">
  <testcase name="validateInvalidLogin" time="1.172" classname="com.vtiger.tests.LoginTest"/>
  <testcase name="validateLogo" time="0.06" classname="com.vtiger.tests.LoginTest"/>
  <testcase name="validateTitle" time="1.369" classname="com.vtiger.tests.LoginTest"/>
  <testcase name="validatevalidLogin" time="5.817" classname="com.vtiger.tests.LoginTest"/>
</testsuite> <!-- Default test -->
