<?xml version="1.0" encoding="UTF-8"?>
<!-- Generated by org.testng.reporters.JUnitXMLReporter -->
<testsuite hostname="RAJESH-PC" ignored="2" name="Test1" tests="2" failures="2" timestamp="23 Jun 2019 05:30:28 GMT" time="0.053" errors="0">
  <testcase name="validateTitle" time="0.013" classname="com.vtiger.tests.LoginTest">
    <failure type="java.lang.NullPointerException">
      <![CDATA[java.lang.NullPointerException
at com.vtiger.tests.LoginTest.validateTitle(LoginTest.java:40)
... Removed 25 stack frames]]>
    </failure>
  </testcase> <!-- validateTitle -->
  <testcase name="validatevalidLogin" time="0.002" classname="com.vtiger.tests.LoginTest">
    <failure type="java.lang.NullPointerException">
      <![CDATA[java.lang.NullPointerException
at com.vtiger.tests.LoginTest.validatevalidLogin(LoginTest.java:75)
... Removed 25 stack frames]]>
    </failure>
  </testcase> <!-- validatevalidLogin -->
  <testcase name="validateLogo" time="0.0" classname="com.vtiger.tests.LoginTest">
    <ignored/>
  </testcase> <!-- validateLogo -->
  <testcase name="validateInvalidLogin" time="0.0" classname="com.vtiger.tests.LoginTest">
    <ignored/>
  </testcase> <!-- validateInvalidLogin -->
</testsuite> <!-- Test1 -->
