<?xml version="1.0" encoding="UTF-8"?>
<!-- Generated by org.testng.reporters.JUnitXMLReporter -->
<testsuite hostname="RAJESH-PC" ignored="0" name="Test" tests="5" failures="0" timestamp="29 Jun 2019 07:52:24 GMT" time="20.607" errors="0">
  <testcase name="validateInvalidLogin" time="0.754" classname="com.vtiger.tests.LoginTest"/>
  <testcase name="validateLogo" time="0.065" classname="com.vtiger.tests.LoginTest"/>
  <testcase name="validateTitle" time="0.368" classname="com.vtiger.tests.LoginTest"/>
  <testcase name="validatevalidLogin" time="1.709" classname="com.vtiger.tests.LoginTest"/>
  <testcase name="createLead" time="5.573" classname="com.vtiger.tests.E2E"/>
</testsuite> <!-- Test -->
